[2021-03-26_00.00.50] User clicked to Start PvC button.
[2021-03-26_00.00.51] Game mode set to PvC, game is running.
[2021-03-26_00.00.53] Personage van Speler 1 is Liam;true;BLAUW;true;false;MAN;true;false;GEEN;true
[2021-03-26_00.00.53] Personage van Speler 2 is Joshua;true;GRIJS;false;true;MAN;false;true;ZWART;true
[2021-03-26_00.00.55] De gekozen vraag is Is het een vrouw?
[2021-03-26_00.01.08] De gekozen vraag is Draagt de persoon een bril?
[2021-03-26_00.01.12] De gekozen vraag is Heeft hij een snor?
[2021-03-26_00.02.31] User clicked to Start PvC button.
[2021-03-26_00.02.31] Game mode set to PvC, game is running.
[2021-03-26_00.02.32] Personage van Speler 1 is Kathleen;false;BRUIN;true;false;VROUW;false;false;BRUIN;true
[2021-03-26_00.02.32] Personage van Speler 2 is Michealle;false;BRUIN;false;false;VROUW;false;false;BLOND;true
[2021-03-26_00.02.33] De gekozen vraag is Is het een vrouw?
[2021-03-26_00.02.41] De gekozen vraag is Draagt de persoon een bril?
[2021-03-26_00.02.46] De gekozen vraag is Heeft hij een snor?
[2021-03-26_00.03.55] User clicked to Start PvC button.
[2021-03-26_00.03.56] Game mode set to PvC, game is running.
[2021-03-26_00.03.57] Personage van Speler 1 is Personage16;true;GRIJS;false;false;MAN;false;false;ZWART;true
[2021-03-26_00.03.57] Personage van Speler 2 is Julie;false;BLAUW;true;false;VROUW;false;true;ZWART;true
[2021-03-26_00.04.01] User clicked to Start PvC button.
[2021-03-26_00.04.01] Game mode set to PvC, game is running.
[2021-03-26_00.04.01] Personage van Speler 1 is Liam;true;BLAUW;true;false;MAN;true;false;GEEN;true
[2021-03-26_00.04.01] Personage van Speler 2 is Personage16;true;GRIJS;false;false;MAN;false;false;ZWART;true
[2021-03-26_00.04.02] De gekozen vraag is Is het een vrouw?
[2021-03-26_00.04.07] De gekozen vraag is Draagt de persoon een bril?
[2021-03-26_00.04.14] De gekozen vraag is Heeft hij een snor?
[2021-03-26_00.04.22] showing finished
[2021-03-26_00.08.22] User clicked to Start PvC button.
[2021-03-26_00.08.22] Game mode set to PvC, game is running.
[2021-03-26_00.08.25] Personage van Speler 1 is Roy;false;BRUIN;true;true;MAN;true;true;GEEN;true
[2021-03-26_00.08.25] Personage van Speler 2 is Personage17;true;GRIJS;false;false;MAN;false;false;ZWART;true
[2021-03-26_00.08.27] De gekozen vraag is Is het een vrouw?
[2021-03-26_00.08.33] De gekozen vraag is Draagt de persoon een bril?
[2021-03-26_00.08.38] De gekozen vraag is Heeft hij een snor?
[2021-03-26_00.12.42] User clicked to Start PvC button.
[2021-03-26_00.12.42] Game mode set to PvC, game is running.
[2021-03-26_00.12.43] Personage van Speler 1 is Personage16;true;GRIJS;false;false;MAN;false;false;ZWART;true
[2021-03-26_00.12.43] Personage van Speler 2 is Roy;false;BRUIN;true;true;MAN;true;true;GEEN;true
[2021-03-26_00.12.49] User clicked to Start PvC button.
[2021-03-26_00.12.49] Game mode set to PvC, game is running.
[2021-03-26_00.12.50] Personage van Speler 1 is Liam;true;BLAUW;true;false;MAN;true;false;GEEN;true
[2021-03-26_00.12.50] Personage van Speler 2 is Kathleen;false;BRUIN;true;false;VROUW;false;false;BRUIN;true
[2021-03-26_00.12.51] De gekozen vraag is Is het een vrouw?
[2021-03-26_00.12.55] De gekozen vraag is Draagt de persoon een bril?
[2021-03-26_00.13.00] De gekozen vraag is Heeft hij een snor?
[2021-03-26_00.15.40] User clicked to Start PvC button.
[2021-03-26_00.15.40] Game mode set to PvC, game is running.
[2021-03-26_00.15.41] Personage van Speler 1 is Kathleen;false;BRUIN;true;false;VROUW;false;false;BRUIN;true
[2021-03-26_00.15.41] Personage van Speler 2 is Michealle;false;BRUIN;false;false;VROUW;false;false;BLOND;true
[2021-03-26_00.15.42] De gekozen vraag is Is het een vrouw?
[2021-03-26_00.15.48] De gekozen vraag is Draagt de persoon een bril?
[2021-03-26_00.15.54] De gekozen vraag is Heeft hij een snor?
[2021-03-26_00.15.59] De gekozen vraag is Heeft je persoon iets op zijn hoofd?
[2021-03-26_00.16.10] De gekozen vraag is Is je persoon kaal?
[2021-03-26_00.16.13] showing finished
[2021-03-26_00.16.18] User clicked to Start PvC button.
[2021-03-26_00.16.18] Game mode set to PvC, game is running.
[2021-03-26_00.16.19] Personage van Speler 1 is Kathleen;false;BRUIN;true;false;VROUW;false;false;BRUIN;true
[2021-03-26_00.16.19] Personage van Speler 2 is Julie;false;BLAUW;true;false;VROUW;false;true;ZWART;true
[2021-03-26_00.16.20] De gekozen vraag is Is het een vrouw?
[2021-03-26_00.16.25] De gekozen vraag is Draagt de persoon een bril?
[2021-03-26_00.16.33] De gekozen vraag is Heeft hij een snor?
[2021-03-26_00.16.39] De gekozen vraag is Heeft je persoon iets op zijn hoofd?
[2021-03-26_00.16.44] De gekozen vraag is Is je persoon kaal?
[2021-03-26_00.16.47] showing finished
[2021-03-26_00.29.31] User clicked to Start PvC button.
[2021-03-26_00.29.31] Game mode set to PvC, game is running.
[2021-03-26_00.37.01] User clicked to Start PvC button.
[2021-03-26_00.39.30] User clicked to Start PvC button.
[2021-03-26_00.40.36] User clicked to Start PvC button.
[2021-03-26_00.40.36] Game mode set to PvC, game is running.
[2021-03-26_00.40.39] Personage van Speler 1 is Emma;false;BRUIN;true;false;VROUW;false;false;BLOND;true
[2021-03-26_00.40.39] Personage van Speler 2 is Joshua;true;GRIJS;false;true;MAN;false;true;ZWART;true
[2021-03-26_00.40.42] De gekozen vraag is Is het een vrouw?
[2021-03-26_00.40.50] De gekozen vraag is Draagt de persoon een bril?
[2021-03-26_00.41.06] De gekozen vraag is Heeft hij een snor?
[2021-03-26_00.41.13] De gekozen vraag is Heeft je persoon iets op zijn hoofd?
[2021-03-26_00.41.20] De gekozen vraag is Is je persoon kaal?
[2021-03-26_00.41.25] showing finished
[2021-03-26_00.41.33] User clicked to Start PvC button.
[2021-03-26_00.41.33] Game mode set to PvC, game is running.
[2021-03-26_00.41.34] Personage van Speler 1 is An;false;BLAUW;true;false;VROUW;false;false;BRUIN;true
[2021-03-26_00.41.34] Personage van Speler 2 is An;false;BLAUW;true;false;VROUW;false;false;BRUIN;true
[2021-03-26_00.41.55] De gekozen vraag is Is het een vrouw?
[2021-03-26_00.42.01] showing finished
[2021-03-26_00.45.22] User clicked to Start PvC button.
[2021-03-26_00.45.22] Game mode set to PvC, game is running.
[2021-03-26_00.45.24] Personage van Speler 1 is Brent;false;GRIJS;false;true;MAN;false;true;ZWART;true
[2021-03-26_00.45.24] Personage van Speler 2 is Marie;false;BLAUW;false;false;VROUW;false;false;BLOND;true
[2021-03-26_00.45.40] showing finished
[2021-03-26_00.45.43] User clicked to Start PvC button.
[2021-03-26_00.45.43] Game mode set to PvC, game is running.
[2021-03-26_00.45.44] Personage van Speler 1 is Mathias;true;GRIJS;true;true;MAN;false;false;ZWART;true
[2021-03-26_00.45.44] Personage van Speler 2 is Brent;false;GRIJS;false;true;MAN;false;true;ZWART;true
[2021-03-26_00.45.55] showing finished
[2021-03-26_00.52.14] User clicked to Start PvC button.
[2021-03-26_00.52.15] Game mode set to PvC, game is running.
[2021-03-26_00.52.17] Personage van Speler 1 is Levent;true;GRIJS;true;true;MAN;false;true;ZWART;true
[2021-03-26_00.52.17] Personage van Speler 2 is Liam;true;BLAUW;true;false;MAN;true;false;GEEN;true
[2021-03-26_00.52.18] De gekozen vraag is Is het een vrouw?
[2021-03-26_00.52.23] De gekozen vraag is Draagt de persoon een bril?
[2021-03-26_00.52.26] showing finished
[2021-03-26_00.56.23] User clicked to Start PvC button.
[2021-03-26_00.56.23] Game mode set to PvC, game is running.
[2021-03-26_00.56.24] Personage van Speler 1 is Sara;false;GRIJS;false;false;VROUW;false;false;BLOND;true
[2021-03-26_00.56.24] Personage van Speler 2 is Mathias;true;GRIJS;true;true;MAN;false;false;ZWART;true
[2021-03-26_00.56.28] showing finished
[2021-03-26_00.58.47] User clicked to Start PvC button.
[2021-03-26_00.58.48] Game mode set to PvC, game is running.
[2021-03-26_00.58.51] Personage van Speler 1 is Levent;true;GRIJS;true;true;MAN;false;true;ZWART;true
[2021-03-26_00.58.51] Personage van Speler 2 is Julie;false;BLAUW;true;false;VROUW;false;true;ZWART;true
[2021-03-26_00.58.54] User clicked to About Us button.
[2021-03-26_00.58.57] User clicked to About Us button.
[2021-03-26_00.58.59] User clicked to Start PvP button.
[2021-03-26_00.58.59] User clicked to About Us button.
[2021-03-26_00.59.29] User clicked to Exit button.
