[2021-03-25_11.46.02] User clicked to Start PvP button.
[2021-03-25_11.46.03] User clicked to About Us button.
[2021-03-25_11.46.03] User clicked to Exit button.
[2021-03-25_11.46.04] User clicked to Start PvC button.
[2021-03-25_11.46.04] Game mode set to PvC, game is running.
[2021-03-25_11.46.06] Personage van Speler 1 is Levent;true;GRIJS;true;true;MAN;false;true;ZWART;true
[2021-03-25_11.46.06] Personage van Speler 2 is Roy;false;BRUIN;true;true;MAN;true;true;GEEN;true
[2021-03-25_11.46.10] De gekozen vraag is Is het een vrouw?
[2021-03-25_11.46.15] Settings are changed.
[2021-03-25_14.09.01] User clicked to Start PvC button.
[2021-03-25_14.09.04] Game mode set to PvC, game is running.
[2021-03-25_14.09.12] Personage van Speler 1 is Levent;true;GRIJS;true;true;MAN;false;true;ZWART;true
[2021-03-25_14.09.12] Personage van Speler 2 is Personage15;true;GRIJS;false;false;MAN;false;false;ZWART;true
[2021-03-25_14.10.05] User clicked to Start PvC button.
[2021-03-25_14.10.06] Game mode set to PvC, game is running.
[2021-03-25_14.10.07] Personage van Speler 1 is Kathleen;false;BRUIN;true;false;VROUW;false;false;BRUIN;true
[2021-03-25_14.10.07] Personage van Speler 2 is Jan;false;BLAUW;false;false;MAN;true;true;GEEN;true
[2021-03-25_14.12.36] User clicked to Start PvC button.
[2021-03-25_14.12.36] Game mode set to PvC, game is running.
[2021-03-25_14.12.37] Personage van Speler 1 is Roy;false;BRUIN;true;true;MAN;true;true;GEEN;true
[2021-03-25_14.12.37] Personage van Speler 2 is Personage18;true;GRIJS;false;false;MAN;false;false;ZWART;true
[2021-03-25_14.13.20] User clicked to Start PvC button.
[2021-03-25_14.13.20] Game mode set to PvC, game is running.
[2021-03-25_14.13.21] Personage van Speler 1 is Roy;false;BRUIN;true;true;MAN;true;true;GEEN;true
[2021-03-25_14.13.21] Personage van Speler 2 is Peter;false;BRUIN;true;false;MAN;false;false;ZWART;true
[2021-03-25_14.13.59] User clicked to Start PvC button.
[2021-03-25_14.13.59] Game mode set to PvC, game is running.
[2021-03-25_14.14.01] Personage van Speler 1 is Kathleen;false;BRUIN;true;false;VROUW;false;false;BRUIN;true
[2021-03-25_14.14.01] Personage van Speler 2 is Lise;false;BLAUW;true;false;VROUW;false;false;ZWART;true
[2021-03-25_14.14.13] User clicked to Start PvC button.
[2021-03-25_14.14.14] Game mode set to PvC, game is running.
[2021-03-25_14.21.20] Settings are changed.
[2021-03-25_14.21.24] Settings are changed.
[2021-03-25_14.21.54] New game started.
[2021-03-25_14.21.59] Settings are changed.
[2021-03-25_14.23.33] User clicked to Start PvC button.
[2021-03-25_14.23.33] Game mode set to PvC, game is running.
[2021-03-25_14.23.34] Personage van Speler 1 is Levent;true;GRIJS;true;true;MAN;false;true;ZWART;true
[2021-03-25_14.23.34] Personage van Speler 2 is Personage20;true;GRIJS;false;false;MAN;false;false;ZWART;true
[2021-03-25_14.23.58] User clicked to Start PvC button.
[2021-03-25_14.23.58] Game mode set to PvC, game is running.
[2021-03-25_14.24.00] Personage van Speler 1 is Levent;true;GRIJS;true;true;MAN;false;true;ZWART;true
[2021-03-25_14.24.00] Personage van Speler 2 is Jan;false;BLAUW;false;false;MAN;true;true;GEEN;true
[2021-03-25_14.24.05] New game started.
[2021-03-25_14.24.09] Settings are changed.
[2021-03-25_14.24.12] User clicked to Start PvC button.
[2021-03-25_14.24.12] Game mode set to PvC, game is running.
[2021-03-25_14.24.13] Personage van Speler 1 is Levent;true;GRIJS;true;true;MAN;false;true;ZWART;true
[2021-03-25_14.24.13] Personage van Speler 2 is Personage18;true;GRIJS;false;false;MAN;false;false;ZWART;true
[2021-03-25_14.24.20] New game started.
[2021-03-25_14.24.55] User clicked to Start PvC button.
[2021-03-25_14.24.56] Game mode set to PvC, game is running.
[2021-03-25_14.24.57] Personage van Speler 1 is Levent;true;GRIJS;true;true;MAN;false;true;ZWART;true
[2021-03-25_14.24.57] Personage van Speler 2 is Personage20;true;GRIJS;false;false;MAN;false;false;ZWART;true
[2021-03-25_14.25.04] De gekozen vraag is Is het een vrouw?
[2021-03-25_14.25.04] De gekozen vraag is Draagt de persoon een bril?
[2021-03-25_14.25.05] De gekozen vraag is Heeft hij een snor?
[2021-03-25_14.25.21] User clicked to Start PvC button.
[2021-03-25_14.25.21] Game mode set to PvC, game is running.
[2021-03-25_14.25.22] Personage van Speler 1 is Kathleen;false;BRUIN;true;false;VROUW;false;false;BRUIN;true
[2021-03-25_14.25.22] Personage van Speler 2 is Jan;false;BLAUW;false;false;MAN;true;true;GEEN;true
[2021-03-25_15.56.07] User clicked to Start PvC button.
[2021-03-25_15.56.07] Game mode set to PvC, game is running.
[2021-03-25_15.56.09] Personage van Speler 1 is Liam;true;BLAUW;true;false;MAN;true;false;GEEN;true
[2021-03-25_15.56.09] Personage van Speler 2 is Roy;false;BRUIN;true;true;MAN;true;true;GEEN;true
[2021-03-25_16.21.28] User clicked to Start PvC button.
[2021-03-25_16.21.28] Game mode set to PvC, game is running.
[2021-03-25_16.31.05] User clicked to Start PvC button.
[2021-03-25_16.31.05] Game mode set to PvC, game is running.
[2021-03-25_16.31.31] User clicked to Start PvC button.
[2021-03-25_16.31.31] Game mode set to PvC, game is running.
[2021-03-25_16.36.29] User clicked to Start PvC button.
[2021-03-25_16.36.29] Game mode set to PvC, game is running.
[2021-03-25_16.36.30] Personage van Speler 1 is Kathleen;false;BRUIN;true;false;VROUW;false;false;BRUIN;true
[2021-03-25_16.36.30] Personage van Speler 2 is Personage20;true;GRIJS;false;false;MAN;false;false;ZWART;true
[2021-03-25_16.59.25] User clicked to Start PvC button.
[2021-03-25_16.59.25] Game mode set to PvC, game is running.
[2021-03-25_16.59.27] Personage van Speler 1 is Kathleen;false;BRUIN;true;false;VROUW;false;false;BRUIN;true
[2021-03-25_16.59.27] Personage van Speler 2 is Personage19;true;GRIJS;false;false;MAN;false;false;ZWART;true
[2021-03-25_16.59.38] User clicked to Start PvC button.
[2021-03-25_16.59.38] Game mode set to PvC, game is running.
[2021-03-25_16.59.39] Personage van Speler 1 is Roy;false;BRUIN;true;true;MAN;true;true;GEEN;true
[2021-03-25_16.59.39] Personage van Speler 2 is Personage18;true;GRIJS;false;false;MAN;false;false;ZWART;true
[2021-03-25_16.59.44] User clicked to Start PvC button.
[2021-03-25_16.59.44] Game mode set to PvC, game is running.
[2021-03-25_16.59.45] Personage van Speler 1 is Sara;false;GRIJS;false;false;VROUW;false;false;BLOND;true
[2021-03-25_16.59.45] Personage van Speler 2 is Joshua;true;GRIJS;false;true;MAN;false;true;ZWART;true
[2021-03-25_16.59.51] De gekozen vraag is Is het een vrouw?
[2021-03-25_17.00.56] User clicked to Start PvC button.
[2021-03-25_17.00.56] Game mode set to PvC, game is running.
[2021-03-25_17.00.58] Personage van Speler 1 is Sara;false;GRIJS;false;false;VROUW;false;false;BLOND;true
[2021-03-25_17.00.58] Personage van Speler 2 is Personage17;true;GRIJS;false;false;MAN;false;false;ZWART;true
[2021-03-25_17.01.02] User clicked to Start PvC button.
[2021-03-25_17.01.02] Game mode set to PvC, game is running.
[2021-03-25_17.01.03] Personage van Speler 1 is Sara;false;GRIJS;false;false;VROUW;false;false;BLOND;true
[2021-03-25_17.01.03] Personage van Speler 2 is Personage20;true;GRIJS;false;false;MAN;false;false;ZWART;true
[2021-03-25_17.01.07] User clicked to Start PvC button.
[2021-03-25_17.01.07] Game mode set to PvC, game is running.
[2021-03-25_17.01.08] Personage van Speler 1 is Kathleen;false;BRUIN;true;false;VROUW;false;false;BRUIN;true
[2021-03-25_17.01.08] Personage van Speler 2 is Peter;false;BRUIN;true;false;MAN;false;false;ZWART;true
[2021-03-25_17.01.12] De gekozen vraag is Is het een vrouw?
[2021-03-25_17.01.41] De gekozen vraag is Draagt de persoon een bril?
[2021-03-25_17.01.49] De gekozen vraag is Heeft hij een snor?
[2021-03-25_17.01.59] De gekozen vraag is Heeft je persoon iets op zijn hoofd?
[2021-03-25_17.02.02] De gekozen vraag is Is je persoon kaal?
[2021-03-25_17.02.25] showing finished
[2021-03-25_17.02.25] Call to model.playerLost() true !foundIt: true
[2021-03-25_17.03.24] User clicked to Start PvC button.
[2021-03-25_17.03.24] Game mode set to PvC, game is running.
[2021-03-25_17.03.26] Personage van Speler 1 is Levent;true;GRIJS;true;true;MAN;false;true;ZWART;true
[2021-03-25_17.03.26] Personage van Speler 2 is Liam;true;BLAUW;true;false;MAN;true;false;GEEN;true
[2021-03-25_17.03.32] showing finished
[2021-03-25_17.03.32] Call to model.playerLost() true !foundIt: true
[2021-03-25_17.03.37] Personage van Speler 1 is Kathleen;false;BRUIN;true;false;VROUW;false;false;BRUIN;true
[2021-03-25_17.03.37] Personage van Speler 2 is Personage15;true;GRIJS;false;false;MAN;false;false;ZWART;true
[2021-03-25_17.03.40] De gekozen vraag is Is het een vrouw?
[2021-03-25_17.03.41] De gekozen vraag is Draagt de persoon een bril?
[2021-03-25_17.03.41] De gekozen vraag is Heeft hij een snor?
[2021-03-25_17.03.41] De gekozen vraag is Heeft je persoon iets op zijn hoofd?
[2021-03-25_17.03.41] De gekozen vraag is Is je persoon kaal?
[2021-03-25_17.03.41] De gekozen vraag is Heeft je persoon blond haar?
[2021-03-25_17.03.41] De gekozen vraag is Heeft je persoon zwart haar?
[2021-03-25_17.03.42] De gekozen vraag is Heeft je persoon bruin haar?
[2021-03-25_17.03.42] De gekozen vraag is Heeft hij een baard?
[2021-03-25_17.03.43] De gekozen vraag is Heeft je persoon blauwe ogen?
[2021-03-25_17.03.44] De gekozen vraag is Heeft je persoon bruine ogen?
[2021-03-25_17.03.44] De gekozen vraag is Heeft je persoon grijze ogen?
[2021-03-25_17.03.46] De gekozen vraag is null
[2021-03-25_17.07.32] User clicked to Start PvC button.
[2021-03-25_17.07.33] Game mode set to PvC, game is running.
[2021-03-25_17.07.34] Personage van Speler 1 is Liam;true;BLAUW;true;false;MAN;true;false;GEEN;true
[2021-03-25_17.07.34] Personage van Speler 2 is Jan;false;BLAUW;false;false;MAN;true;true;GEEN;true
[2021-03-25_17.08.26] User clicked to Start PvC button.
[2021-03-25_17.08.26] Game mode set to PvC, game is running.
[2021-03-25_17.08.28] Personage van Speler 1 is Kathleen;false;BRUIN;true;false;VROUW;false;false;BRUIN;true
[2021-03-25_17.08.28] Personage van Speler 2 is Personage20;true;GRIJS;false;false;MAN;false;false;ZWART;true
[2021-03-25_17.08.29] De gekozen vraag is Is het een vrouw?
[2021-03-25_17.08.29] De gekozen vraag is Draagt de persoon een bril?
[2021-03-25_17.08.29] De gekozen vraag is Heeft hij een snor?
[2021-03-25_17.08.29] De gekozen vraag is Heeft je persoon iets op zijn hoofd?
[2021-03-25_17.08.29] De gekozen vraag is Is je persoon kaal?
[2021-03-25_17.08.29] De gekozen vraag is Heeft je persoon blond haar?
[2021-03-25_17.08.30] De gekozen vraag is Heeft je persoon zwart haar?
[2021-03-25_17.08.30] De gekozen vraag is Heeft je persoon bruin haar?
[2021-03-25_17.08.30] De gekozen vraag is Heeft hij een baard?
[2021-03-25_17.08.30] De gekozen vraag is Heeft je persoon blauwe ogen?
[2021-03-25_17.08.30] De gekozen vraag is Heeft je persoon bruine ogen?
[2021-03-25_17.08.31] De gekozen vraag is Heeft je persoon grijze ogen?
[2021-03-25_17.10.18] User clicked to Start PvC button.
[2021-03-25_17.10.19] Game mode set to PvC, game is running.
[2021-03-25_17.10.20] Personage van Speler 1 is Levent;true;GRIJS;true;true;MAN;false;true;ZWART;true
[2021-03-25_17.10.20] Personage van Speler 2 is Liam;true;BLAUW;true;false;MAN;true;false;GEEN;true
[2021-03-25_17.10.24] showing finished
[2021-03-25_17.10.24] Call to model.playerLost() true !foundIt: true
[2021-03-25_17.11.01] Personage van Speler 1 is Kathleen;false;BRUIN;true;false;VROUW;false;false;BRUIN;true
[2021-03-25_17.11.01] Personage van Speler 2 is Julie;false;BLAUW;true;false;VROUW;false;true;ZWART;true
[2021-03-25_17.15.27] User clicked to Start PvC button.
[2021-03-25_17.15.27] Game mode set to PvC, game is running.
[2021-03-25_17.15.28] Personage van Speler 1 is Liam;true;BLAUW;true;false;MAN;true;false;GEEN;true
[2021-03-25_17.15.28] Personage van Speler 2 is Personage16;true;GRIJS;false;false;MAN;false;false;ZWART;true
[2021-03-25_17.16.19] User clicked to Start PvC button.
[2021-03-25_17.16.19] Game mode set to PvC, game is running.
[2021-03-25_17.16.20] Personage van Speler 1 is Jan;false;BLAUW;false;false;MAN;true;true;GEEN;true
[2021-03-25_17.16.20] Personage van Speler 2 is Personage20;true;GRIJS;false;false;MAN;false;false;ZWART;true
[2021-03-25_17.27.07] User clicked to Start PvC button.
[2021-03-25_17.27.07] Game mode set to PvC, game is running.
[2021-03-25_17.27.08] Personage van Speler 1 is Kathleen;false;BRUIN;true;false;VROUW;false;false;BRUIN;true
[2021-03-25_17.27.08] Personage van Speler 2 is Julie;false;BLAUW;true;false;VROUW;false;true;ZWART;true
[2021-03-25_17.27.10] De gekozen vraag is Is het een vrouw?
[2021-03-25_17.29.05] User clicked to Start PvC button.
[2021-03-25_17.29.05] Game mode set to PvC, game is running.
[2021-03-25_17.29.07] Personage van Speler 1 is Kathleen;false;BRUIN;true;false;VROUW;false;false;BRUIN;true
[2021-03-25_17.29.07] Personage van Speler 2 is Kathleen;false;BRUIN;true;false;VROUW;false;false;BRUIN;true
[2021-03-25_17.29.18] De gekozen vraag is Is het een vrouw?
[2021-03-25_17.30.25] User clicked to Start PvC button.
[2021-03-25_17.30.25] Game mode set to PvC, game is running.
[2021-03-25_17.30.26] Personage van Speler 1 is Kathleen;false;BRUIN;true;false;VROUW;false;false;BRUIN;true
[2021-03-25_17.30.26] Personage van Speler 2 is Personage19;true;GRIJS;false;false;MAN;false;false;ZWART;true
[2021-03-25_17.30.31] User clicked to Start PvC button.
[2021-03-25_17.30.31] Game mode set to PvC, game is running.
[2021-03-25_17.30.32] Personage van Speler 1 is Levent;true;GRIJS;true;true;MAN;false;true;ZWART;true
[2021-03-25_17.30.32] Personage van Speler 2 is Kathleen;false;BRUIN;true;false;VROUW;false;false;BRUIN;true
[2021-03-25_17.30.35] De gekozen vraag is Is het een vrouw?
[2021-03-25_17.30.57] De gekozen vraag is Draagt de persoon een bril?
[2021-03-25_17.31.22] De gekozen vraag is Heeft hij een snor?
[2021-03-25_17.31.25] De gekozen vraag is Heeft je persoon iets op zijn hoofd?
[2021-03-25_17.31.29] De gekozen vraag is Is je persoon kaal?
[2021-03-25_17.31.31] De gekozen vraag is Heeft je persoon blond haar?
[2021-03-25_17.31.33] De gekozen vraag is Heeft je persoon zwart haar?
[2021-03-25_17.31.35] De gekozen vraag is Heeft je persoon bruin haar?
[2021-03-25_17.31.38] De gekozen vraag is Heeft hij een baard?
[2021-03-25_17.31.40] De gekozen vraag is Heeft je persoon blauwe ogen?
[2021-03-25_17.31.43] De gekozen vraag is Heeft je persoon bruine ogen?
[2021-03-25_17.32.12] De gekozen vraag is Heeft je persoon grijze ogen?
[2021-03-25_17.32.39] User clicked to Start PvC button.
[2021-03-25_17.32.39] Game mode set to PvC, game is running.
[2021-03-25_17.32.41] Personage van Speler 1 is Roy;false;BRUIN;true;true;MAN;true;true;GEEN;true
[2021-03-25_17.32.41] Personage van Speler 2 is Peter;false;BRUIN;true;false;MAN;false;false;ZWART;true
[2021-03-25_17.32.44] De gekozen vraag is Is het een vrouw?
[2021-03-25_17.34.33] User clicked to Start PvC button.
[2021-03-25_17.34.33] Game mode set to PvC, game is running.
[2021-03-25_17.34.35] Personage van Speler 1 is Roy;false;BRUIN;true;true;MAN;true;true;GEEN;true
[2021-03-25_17.34.35] Personage van Speler 2 is Lise;false;BLAUW;true;false;VROUW;false;false;ZWART;true
[2021-03-25_17.34.36] De gekozen vraag is Is het een vrouw?
[2021-03-25_18.05.48] User clicked to Start PvC button.
[2021-03-25_18.05.48] Game mode set to PvC, game is running.
[2021-03-25_18.05.50] Personage van Speler 1 is Kathleen;false;BRUIN;true;false;VROUW;false;false;BRUIN;true
[2021-03-25_18.05.50] Personage van Speler 2 is Liam;true;BLAUW;true;false;MAN;true;false;GEEN;true
[2021-03-25_18.07.18] User clicked to Start PvC button.
[2021-03-25_18.07.18] Game mode set to PvC, game is running.
[2021-03-25_18.07.19] Personage van Speler 1 is Levent;true;GRIJS;true;true;MAN;false;true;ZWART;true
[2021-03-25_18.07.19] Personage van Speler 2 is Personage20;true;GRIJS;false;false;MAN;false;false;ZWART;true
[2021-03-25_18.07.58] User clicked to Start PvC button.
[2021-03-25_18.07.59] Game mode set to PvC, game is running.
[2021-03-25_18.08.00] Personage van Speler 1 is Kathleen;false;BRUIN;true;false;VROUW;false;false;BRUIN;true
[2021-03-25_18.08.00] Personage van Speler 2 is Roy;false;BRUIN;true;true;MAN;true;true;GEEN;true
[2021-03-25_18.08.15] User clicked to Start PvC button.
[2021-03-25_18.08.15] Game mode set to PvC, game is running.
[2021-03-25_18.08.16] Personage van Speler 1 is Roy;false;BRUIN;true;true;MAN;true;true;GEEN;true
[2021-03-25_18.08.16] Personage van Speler 2 is Personage14;true;GRIJS;false;false;MAN;false;false;ZWART;true
[2021-03-25_18.08.32] User clicked to Start PvC button.
[2021-03-25_18.08.33] Game mode set to PvC, game is running.
[2021-03-25_18.08.35] Personage van Speler 1 is Kathleen;false;BRUIN;true;false;VROUW;false;false;BRUIN;true
[2021-03-25_18.08.35] Personage van Speler 2 is Michealle;false;BRUIN;false;false;VROUW;false;false;BLOND;true
[2021-03-25_18.08.59] User clicked to Start PvC button.
[2021-03-25_18.08.59] Game mode set to PvC, game is running.
[2021-03-25_18.09.00] Personage van Speler 1 is Roy;false;BRUIN;true;true;MAN;true;true;GEEN;true
[2021-03-25_18.09.00] Personage van Speler 2 is Sara;false;GRIJS;false;false;VROUW;false;false;BLOND;true
[2021-03-25_18.09.14] User clicked to Start PvC button.
[2021-03-25_18.09.14] Game mode set to PvC, game is running.
[2021-03-25_18.09.16] Personage van Speler 1 is Roy;false;BRUIN;true;true;MAN;true;true;GEEN;true
[2021-03-25_18.09.16] Personage van Speler 2 is Mathias;true;GRIJS;true;true;MAN;false;false;ZWART;true
[2021-03-25_18.09.35] User clicked to Start PvC button.
[2021-03-25_18.09.35] Game mode set to PvC, game is running.
[2021-03-25_18.09.37] Personage van Speler 1 is Personage16;true;GRIJS;false;false;MAN;false;false;ZWART;true
[2021-03-25_18.09.37] Personage van Speler 2 is Personage18;true;GRIJS;false;false;MAN;false;false;ZWART;true
[2021-03-25_18.11.58] User clicked to Start PvC button.
[2021-03-25_18.11.58] Game mode set to PvC, game is running.
[2021-03-25_18.12.01] Personage van Speler 1 is Roy;false;BRUIN;true;true;MAN;true;true;GEEN;true
[2021-03-25_18.12.01] Personage van Speler 2 is Personage14;true;GRIJS;false;false;MAN;false;false;ZWART;true
[2021-03-25_18.13.16] User clicked to Start PvC button.
[2021-03-25_18.13.16] Game mode set to PvC, game is running.
[2021-03-25_18.13.18] Personage van Speler 1 is Levent;true;GRIJS;true;true;MAN;false;true;ZWART;true
[2021-03-25_18.13.18] Personage van Speler 2 is Roy;false;BRUIN;true;true;MAN;true;true;GEEN;true
[2021-03-25_18.14.14] User clicked to Start PvC button.
[2021-03-25_18.14.14] Game mode set to PvC, game is running.
[2021-03-25_18.14.17] Personage van Speler 1 is Personage16;true;GRIJS;false;false;MAN;false;false;ZWART;true
[2021-03-25_18.14.17] Personage van Speler 2 is Liam;true;BLAUW;true;false;MAN;true;false;GEEN;true
[2021-03-25_18.14.22] De gekozen vraag is Heeft je persoon blauwe ogen?
[2021-03-25_18.23.29] User clicked to Start PvC button.
[2021-03-25_18.23.29] Game mode set to PvC, game is running.
[2021-03-25_18.23.31] Personage van Speler 1 is Kathleen;false;BRUIN;true;false;VROUW;false;false;BRUIN;true
[2021-03-25_18.23.31] Personage van Speler 2 is Personage15;true;GRIJS;false;false;MAN;false;false;ZWART;true
[2021-03-25_18.23.37] User clicked to Start PvC button.
[2021-03-25_18.23.37] Game mode set to PvC, game is running.
[2021-03-25_18.23.39] Personage van Speler 1 is Personage17;true;GRIJS;false;false;MAN;false;false;ZWART;true
[2021-03-25_18.23.39] Personage van Speler 2 is Personage14;true;GRIJS;false;false;MAN;false;false;ZWART;true
[2021-03-25_18.23.43] User clicked to Start PvC button.
[2021-03-25_18.23.43] Game mode set to PvC, game is running.
[2021-03-25_18.23.44] Personage van Speler 1 is Levent;true;GRIJS;true;true;MAN;false;true;ZWART;true
[2021-03-25_18.23.44] Personage van Speler 2 is Personage18;true;GRIJS;false;false;MAN;false;false;ZWART;true
[2021-03-25_18.23.47] User clicked to Start PvC button.
[2021-03-25_18.23.47] Game mode set to PvC, game is running.
[2021-03-25_18.23.48] Personage van Speler 1 is Levent;true;GRIJS;true;true;MAN;false;true;ZWART;true
[2021-03-25_18.23.48] Personage van Speler 2 is Sara;false;GRIJS;false;false;VROUW;false;false;BLOND;true
[2021-03-25_18.23.53] De gekozen vraag is Is het een vrouw?
[2021-03-25_18.31.32] User clicked to Start PvC button.
[2021-03-25_18.31.32] Game mode set to PvC, game is running.
[2021-03-25_18.31.33] Personage van Speler 1 is Kathleen;false;BRUIN;true;false;VROUW;false;false;BRUIN;true
[2021-03-25_18.31.33] Personage van Speler 2 is Sara;false;GRIJS;false;false;VROUW;false;false;BLOND;true
[2021-03-25_18.31.35] De gekozen vraag is Is het een vrouw?
[2021-03-25_18.39.43] User clicked to Start PvC button.
[2021-03-25_18.39.43] Game mode set to PvC, game is running.
[2021-03-25_18.39.44] Personage van Speler 1 is Kathleen;false;BRUIN;true;false;VROUW;false;false;BRUIN;true
[2021-03-25_18.39.44] Personage van Speler 2 is Personage16;true;GRIJS;false;false;MAN;false;false;ZWART;true
[2021-03-25_18.39.50] De gekozen vraag is Is het een vrouw?
[2021-03-25_18.42.17] User clicked to Start PvC button.
[2021-03-25_18.42.17] Game mode set to PvC, game is running.
[2021-03-25_18.44.01] User clicked to Start PvC button.
[2021-03-25_18.44.01] Game mode set to PvC, game is running.
[2021-03-25_18.44.03] Personage van Speler 1 is Kathleen;false;BRUIN;true;false;VROUW;false;false;BRUIN;true
[2021-03-25_18.44.03] Personage van Speler 2 is Kathleen;false;BRUIN;true;false;VROUW;false;false;BRUIN;true
[2021-03-25_18.44.08] De gekozen vraag is Is het een vrouw?
[2021-03-25_18.44.35] De gekozen vraag is Draagt de persoon een bril?
[2021-03-25_18.47.41] User clicked to Start PvC button.
[2021-03-25_18.47.41] Game mode set to PvC, game is running.
[2021-03-25_18.47.46] Personage van Speler 1 is Roy;false;BRUIN;true;true;MAN;true;true;GEEN;true
[2021-03-25_18.47.46] Personage van Speler 2 is Joshua;true;GRIJS;false;true;MAN;false;true;ZWART;true
[2021-03-25_18.47.49] De gekozen vraag is Is het een vrouw?
[2021-03-25_18.48.30] User clicked to Start PvC button.
[2021-03-25_18.48.30] Game mode set to PvC, game is running.
[2021-03-25_18.48.33] Personage van Speler 1 is Kathleen;false;BRUIN;true;false;VROUW;false;false;BRUIN;true
[2021-03-25_18.48.33] Personage van Speler 2 is Sara;false;GRIJS;false;false;VROUW;false;false;BLOND;true
[2021-03-25_18.48.34] De gekozen vraag is Is het een vrouw?
[2021-03-25_18.48.51] User clicked to Start PvC button.
[2021-03-25_18.48.51] Game mode set to PvC, game is running.
[2021-03-25_18.48.52] Personage van Speler 1 is Sara;false;GRIJS;false;false;VROUW;false;false;BLOND;true
[2021-03-25_18.48.52] Personage van Speler 2 is Levent;true;GRIJS;true;true;MAN;false;true;ZWART;true
[2021-03-25_18.49.39] De gekozen vraag is Is het een vrouw?
[2021-03-25_18.50.41] User clicked to Start PvC button.
[2021-03-25_18.50.41] Game mode set to PvC, game is running.
[2021-03-25_18.50.42] Personage van Speler 1 is Sara;false;GRIJS;false;false;VROUW;false;false;BLOND;true
[2021-03-25_18.50.42] Personage van Speler 2 is Peter;false;BRUIN;true;false;MAN;false;false;ZWART;true
[2021-03-25_18.50.44] De gekozen vraag is Is het een vrouw?
[2021-03-25_18.52.38] User clicked to Start PvC button.
[2021-03-25_18.52.38] Game mode set to PvC, game is running.
[2021-03-25_18.52.39] Personage van Speler 1 is Personage16;true;GRIJS;false;false;MAN;false;false;ZWART;true
[2021-03-25_18.52.39] Personage van Speler 2 is Joshua;true;GRIJS;false;true;MAN;false;true;ZWART;true
[2021-03-25_18.52.40] De gekozen vraag is Is het een vrouw?
[2021-03-25_18.53.07] User clicked to Start PvC button.
[2021-03-25_18.53.07] Game mode set to PvC, game is running.
[2021-03-25_18.53.08] Personage van Speler 1 is Kathleen;false;BRUIN;true;false;VROUW;false;false;BRUIN;true
[2021-03-25_18.53.08] Personage van Speler 2 is Personage17;true;GRIJS;false;false;MAN;false;false;ZWART;true
[2021-03-25_18.53.09] De gekozen vraag is Is het een vrouw?
[2021-03-25_18.55.31] User clicked to Start PvC button.
[2021-03-25_18.55.31] Game mode set to PvC, game is running.
[2021-03-25_18.55.33] Personage van Speler 1 is Roy;false;BRUIN;true;true;MAN;true;true;GEEN;true
[2021-03-25_18.55.33] Personage van Speler 2 is Liam;true;BLAUW;true;false;MAN;true;false;GEEN;true
[2021-03-25_18.55.35] De gekozen vraag is Is het een vrouw?
[2021-03-25_18.55.49] User clicked to Start PvC button.
[2021-03-25_18.55.49] Game mode set to PvC, game is running.
[2021-03-25_18.55.50] Personage van Speler 1 is Sara;false;GRIJS;false;false;VROUW;false;false;BLOND;true
[2021-03-25_18.55.50] Personage van Speler 2 is Jan;false;BLAUW;false;false;MAN;true;true;GEEN;true
[2021-03-25_18.55.51] De gekozen vraag is Is het een vrouw?
[2021-03-25_18.56.57] User clicked to Start PvC button.
[2021-03-25_18.56.57] Game mode set to PvC, game is running.
[2021-03-25_18.56.59] Personage van Speler 1 is Kathleen;false;BRUIN;true;false;VROUW;false;false;BRUIN;true
[2021-03-25_18.56.59] Personage van Speler 2 is Jan;false;BLAUW;false;false;MAN;true;true;GEEN;true
[2021-03-25_18.57.03] De gekozen vraag is Is het een vrouw?
[2021-03-25_18.58.02] User clicked to Start PvC button.
[2021-03-25_18.58.02] Game mode set to PvC, game is running.
[2021-03-25_18.58.03] Personage van Speler 1 is Mathias;true;GRIJS;true;true;MAN;false;false;ZWART;true
[2021-03-25_18.58.03] Personage van Speler 2 is Personage18;true;GRIJS;false;false;MAN;false;false;ZWART;true
[2021-03-25_18.58.04] De gekozen vraag is Is het een vrouw?
[2021-03-25_18.58.22] De gekozen vraag is Draagt de persoon een bril?
[2021-03-25_18.58.34] De gekozen vraag is Heeft hij een snor?
[2021-03-25_18.58.48] De gekozen vraag is Heeft je persoon iets op zijn hoofd?
[2021-03-25_18.58.59] De gekozen vraag is Is je persoon kaal?
[2021-03-25_18.59.11] De gekozen vraag is Heeft je persoon blond haar?
[2021-03-25_19.00.02] De gekozen vraag is Heeft je persoon zwart haar?
[2021-03-25_19.00.15] De gekozen vraag is Heeft je persoon bruin haar?
[2021-03-25_19.00.52] User clicked to Start PvC button.
[2021-03-25_19.00.52] Game mode set to PvC, game is running.
[2021-03-25_19.00.54] Personage van Speler 1 is Kathleen;false;BRUIN;true;false;VROUW;false;false;BRUIN;true
[2021-03-25_19.00.54] Personage van Speler 2 is Peter;false;BRUIN;true;false;MAN;false;false;ZWART;true
[2021-03-25_19.00.55] De gekozen vraag is Is het een vrouw?
[2021-03-25_19.01.03] De gekozen vraag is Draagt de persoon een bril?
[2021-03-25_19.02.14] User clicked to Start PvC button.
[2021-03-25_19.02.14] Game mode set to PvC, game is running.
[2021-03-25_19.02.16] Personage van Speler 1 is Mathias;true;GRIJS;true;true;MAN;false;false;ZWART;true
[2021-03-25_19.02.16] Personage van Speler 2 is Personage19;true;GRIJS;false;false;MAN;false;false;ZWART;true
[2021-03-25_19.02.21] De gekozen vraag is Is het een vrouw?
[2021-03-25_19.02.29] De gekozen vraag is Draagt de persoon een bril?
[2021-03-25_19.02.57] User clicked to Start PvC button.
[2021-03-25_19.02.57] Game mode set to PvC, game is running.
[2021-03-25_19.02.58] Personage van Speler 1 is Kathleen;false;BRUIN;true;false;VROUW;false;false;BRUIN;true
[2021-03-25_19.02.58] Personage van Speler 2 is Julie;false;BLAUW;true;false;VROUW;false;true;ZWART;true
[2021-03-25_19.03.00] De gekozen vraag is Is het een vrouw?
[2021-03-25_19.03.08] De gekozen vraag is Draagt de persoon een bril?
[2021-03-25_19.03.10] De gekozen vraag is Draagt de persoon een bril?
[2021-03-25_19.03.14] De gekozen vraag is Draagt de persoon een bril?
[2021-03-25_19.03.16] De gekozen vraag is Draagt de persoon een bril?
[2021-03-25_19.04.27] User clicked to Start PvC button.
[2021-03-25_19.04.27] Game mode set to PvC, game is running.
[2021-03-25_19.04.30] Personage van Speler 1 is Levent;true;GRIJS;true;true;MAN;false;true;ZWART;true
[2021-03-25_19.04.30] Personage van Speler 2 is Liam;true;BLAUW;true;false;MAN;true;false;GEEN;true
[2021-03-25_19.04.31] De gekozen vraag is Is het een vrouw?
[2021-03-25_19.04.37] De gekozen vraag is Draagt de persoon een bril?
[2021-03-25_19.04.39] De gekozen vraag is Heeft hij een snor?
[2021-03-25_19.04.41] De gekozen vraag is Heeft je persoon iets op zijn hoofd?
[2021-03-25_19.04.50] De gekozen vraag is Is je persoon kaal?
[2021-03-25_19.04.56] De gekozen vraag is Heeft je persoon blond haar?
[2021-03-25_19.05.01] De gekozen vraag is Heeft je persoon zwart haar?
[2021-03-25_19.05.05] De gekozen vraag is Heeft je persoon bruin haar?
[2021-03-25_19.05.08] showing finished
[2021-03-25_19.05.08] Call to model.playerLost() true !foundIt: true
[2021-03-25_19.05.45] showing finished
[2021-03-25_19.05.45] Call to model.playerLost() true !foundIt: true
[2021-03-25_19.05.55] New game started.
[2021-03-25_19.05.57] User clicked to Start PvC button.
[2021-03-25_19.05.57] Game mode set to PvC, game is running.
[2021-03-25_19.05.58] Personage van Speler 1 is Levent;true;GRIJS;true;true;MAN;false;true;ZWART;true
[2021-03-25_19.05.58] Personage van Speler 2 is Levent;true;GRIJS;true;true;MAN;false;true;ZWART;true
[2021-03-25_19.06.00] User clicked to Start PvC button.
[2021-03-25_19.06.01] Game mode set to PvC, game is running.
[2021-03-25_19.06.02] Personage van Speler 1 is Levent;true;GRIJS;true;true;MAN;false;true;ZWART;true
[2021-03-25_19.06.02] Personage van Speler 2 is Peter;false;BRUIN;true;false;MAN;false;false;ZWART;true
[2021-03-25_19.06.08] De gekozen vraag is Is het een vrouw?
[2021-03-25_19.06.16] User clicked to Start PvC button.
[2021-03-25_19.06.16] Game mode set to PvC, game is running.
[2021-03-25_19.06.17] Personage van Speler 1 is Levent;true;GRIJS;true;true;MAN;false;true;ZWART;true
[2021-03-25_19.06.17] Personage van Speler 2 is Jan;false;BLAUW;false;false;MAN;true;true;GEEN;true
[2021-03-25_19.06.20] De gekozen vraag is Is het een vrouw?
[2021-03-25_19.06.33] User clicked to Start PvC button.
[2021-03-25_19.06.33] Game mode set to PvC, game is running.
[2021-03-25_19.06.34] Personage van Speler 1 is Levent;true;GRIJS;true;true;MAN;false;true;ZWART;true
[2021-03-25_19.06.34] Personage van Speler 2 is Personage19;true;GRIJS;false;false;MAN;false;false;ZWART;true
[2021-03-25_19.06.53] User clicked to Start PvC button.
[2021-03-25_19.06.53] Game mode set to PvC, game is running.
[2021-03-25_19.06.55] Personage van Speler 1 is Liam;true;BLAUW;true;false;MAN;true;false;GEEN;true
[2021-03-25_19.06.55] Personage van Speler 2 is Levent;true;GRIJS;true;true;MAN;false;true;ZWART;true
[2021-03-25_19.07.46] User clicked to Start PvC button.
[2021-03-25_19.07.46] Game mode set to PvC, game is running.
[2021-03-25_19.07.47] Personage van Speler 1 is Levent;true;GRIJS;true;true;MAN;false;true;ZWART;true
[2021-03-25_19.07.47] Personage van Speler 2 is Jan;false;BLAUW;false;false;MAN;true;true;GEEN;true
[2021-03-25_19.07.52] De gekozen vraag is Is het een vrouw?
[2021-03-25_19.07.58] showing finished
[2021-03-25_19.07.58] Call to model.playerLost() true !foundIt: true
[2021-03-25_19.09.13] User clicked to Start PvC button.
[2021-03-25_19.09.14] Game mode set to PvC, game is running.
[2021-03-25_19.09.15] Personage van Speler 1 is Kathleen;false;BRUIN;true;false;VROUW;false;false;BRUIN;true
[2021-03-25_19.09.15] Personage van Speler 2 is Personage20;true;GRIJS;false;false;MAN;false;false;ZWART;true
[2021-03-25_19.09.16] De gekozen vraag is Is het een vrouw?
[2021-03-25_19.09.24] showing finished
[2021-03-25_19.09.24] Call to model.playerLost() true !foundIt: true
[2021-03-25_19.12.09] User clicked to Start PvC button.
[2021-03-25_19.12.09] Game mode set to PvC, game is running.
[2021-03-25_19.12.10] Personage van Speler 1 is Sara;false;GRIJS;false;false;VROUW;false;false;BLOND;true
[2021-03-25_19.12.10] Personage van Speler 2 is Michealle;false;BRUIN;false;false;VROUW;false;false;BLOND;true
[2021-03-25_19.12.13] De gekozen vraag is Is het een vrouw?
[2021-03-25_19.12.23] De gekozen vraag is Draagt de persoon een bril?
[2021-03-25_19.12.27] showing finished
[2021-03-25_19.12.27] Call to model.playerLost() true !foundIt: true
[2021-03-25_19.13.06] showing finished
[2021-03-25_19.13.06] Call to model.playerLost() true !foundIt: true
[2021-03-25_19.13.15] User clicked to Start PvC button.
[2021-03-25_19.13.15] Game mode set to PvC, game is running.
[2021-03-25_19.13.17] Personage van Speler 1 is Levent;true;GRIJS;true;true;MAN;false;true;ZWART;true
[2021-03-25_19.13.17] Personage van Speler 2 is Personage18;true;GRIJS;false;false;MAN;false;false;ZWART;true
[2021-03-25_19.16.42] User clicked to Start PvC button.
[2021-03-25_19.16.42] Game mode set to PvC, game is running.
[2021-03-25_19.16.43] Personage van Speler 1 is Kathleen;false;BRUIN;true;false;VROUW;false;false;BRUIN;true
[2021-03-25_19.16.43] Personage van Speler 2 is Personage15;true;GRIJS;false;false;MAN;false;false;ZWART;true
[2021-03-25_19.16.46] De gekozen vraag is Is het een vrouw?
[2021-03-25_19.16.53] showing finished
[2021-03-25_19.16.53] Call to model.playerLost() true !foundIt: true
[2021-03-25_19.18.55] User clicked to Start PvC button.
[2021-03-25_19.18.55] Game mode set to PvC, game is running.
[2021-03-25_19.18.56] Personage van Speler 1 is Kathleen;false;BRUIN;true;false;VROUW;false;false;BRUIN;true
[2021-03-25_19.18.56] Personage van Speler 2 is Personage18;true;GRIJS;false;false;MAN;false;false;ZWART;true
[2021-03-25_19.18.59] De gekozen vraag is Is het een vrouw?
[2021-03-25_19.19.08] De gekozen vraag is Draagt de persoon een bril?
[2021-03-25_19.19.11] showing finished
[2021-03-25_19.19.11] Call to model.playerLost() true !foundIt: true
[2021-03-25_19.21.37] User clicked to Start PvC button.
[2021-03-25_19.21.37] Game mode set to PvC, game is running.
[2021-03-25_19.21.39] Personage van Speler 1 is Levent;true;GRIJS;true;true;MAN;false;true;ZWART;true
[2021-03-25_19.21.39] Personage van Speler 2 is Lise;false;BLAUW;true;false;VROUW;false;false;ZWART;true
[2021-03-25_19.21.42] De gekozen vraag is Is het een vrouw?
[2021-03-25_19.21.48] showing finished
[2021-03-25_19.21.48] Call to model.playerLost() true !foundIt: true
[2021-03-25_19.21.52] showing finished
[2021-03-25_19.21.56] showing finished
[2021-03-25_19.22.56] User clicked to Start PvC button.
[2021-03-25_19.22.56] Game mode set to PvC, game is running.
[2021-03-25_19.22.57] Personage van Speler 1 is Levent;true;GRIJS;true;true;MAN;false;true;ZWART;true
[2021-03-25_19.22.57] Personage van Speler 2 is Liam;true;BLAUW;true;false;MAN;true;false;GEEN;true
[2021-03-25_19.22.58] De gekozen vraag is Is het een vrouw?
[2021-03-25_19.23.04] showing finished
[2021-03-25_19.23.04] Call to model.playerLost() true !foundIt: true
[2021-03-25_19.23.45] User clicked to Start PvC button.
[2021-03-25_19.23.45] Game mode set to PvC, game is running.
[2021-03-25_19.23.47] Personage van Speler 1 is Levent;true;GRIJS;true;true;MAN;false;true;ZWART;true
[2021-03-25_19.23.47] Personage van Speler 2 is Joshua;true;GRIJS;false;true;MAN;false;true;ZWART;true
[2021-03-25_19.23.47] De gekozen vraag is Is het een vrouw?
[2021-03-25_19.23.53] showing finished
[2021-03-25_19.23.53] Call to model.playerLost() true !foundIt: true
[2021-03-25_19.24.49] User clicked to Start PvC button.
[2021-03-25_19.24.50] Game mode set to PvC, game is running.
[2021-03-25_19.24.52] Personage van Speler 1 is Kathleen;false;BRUIN;true;false;VROUW;false;false;BRUIN;true
[2021-03-25_19.24.52] Personage van Speler 2 is Levent;true;GRIJS;true;true;MAN;false;true;ZWART;true
[2021-03-25_19.24.53] De gekozen vraag is Is het een vrouw?
[2021-03-25_19.25.01] showing finished
[2021-03-25_19.25.01] Call to model.playerLost() true !foundIt: true
[2021-03-25_19.26.12] User clicked to Start PvC button.
[2021-03-25_19.26.12] Game mode set to PvC, game is running.
[2021-03-25_19.26.13] Personage van Speler 1 is Levent;true;GRIJS;true;true;MAN;false;true;ZWART;true
[2021-03-25_19.26.13] Personage van Speler 2 is Personage16;true;GRIJS;false;false;MAN;false;false;ZWART;true
[2021-03-25_19.26.14] De gekozen vraag is Is het een vrouw?
[2021-03-25_19.26.20] showing finished
[2021-03-25_19.26.20] Call to model.playerLost() true !foundIt: true
[2021-03-25_19.27.21] User clicked to Start PvC button.
[2021-03-25_19.27.21] Game mode set to PvC, game is running.
[2021-03-25_19.27.22] Personage van Speler 1 is Levent;true;GRIJS;true;true;MAN;false;true;ZWART;true
[2021-03-25_19.27.22] Personage van Speler 2 is Liam;true;BLAUW;true;false;MAN;true;false;GEEN;true
[2021-03-25_19.27.23] De gekozen vraag is Is het een vrouw?
[2021-03-25_19.27.31] De gekozen vraag is Draagt de persoon een bril?
[2021-03-25_19.27.34] showing finished
[2021-03-25_19.27.34] Call to model.playerLost() true !foundIt: true
[2021-03-25_19.29.48] User clicked to Start PvC button.
[2021-03-25_19.29.48] Game mode set to PvC, game is running.
[2021-03-25_19.29.50] Personage van Speler 1 is Levent;true;GRIJS;true;true;MAN;false;true;ZWART;true
[2021-03-25_19.29.50] Personage van Speler 2 is Personage18;true;GRIJS;false;false;MAN;false;false;ZWART;true
[2021-03-25_19.29.58] De gekozen vraag is Is het een vrouw?
[2021-03-25_19.52.04] User clicked to Start PvC button.
[2021-03-25_19.52.05] Game mode set to PvC, game is running.
[2021-03-25_19.52.06] Personage van Speler 1 is Kathleen;false;BRUIN;true;false;VROUW;false;false;BRUIN;true
[2021-03-25_19.52.06] Personage van Speler 2 is Personage19;true;GRIJS;false;false;MAN;false;false;ZWART;true
[2021-03-25_19.52.07] De gekozen vraag is Is het een vrouw?
[2021-03-25_19.57.26] User clicked to Start PvC button.
[2021-03-25_19.57.26] Game mode set to PvC, game is running.
[2021-03-25_19.57.27] Personage van Speler 1 is Kathleen;false;BRUIN;true;false;VROUW;false;false;BRUIN;true
[2021-03-25_19.57.27] Personage van Speler 2 is Peter;false;BRUIN;true;false;MAN;false;false;ZWART;true
[2021-03-25_19.57.28] De gekozen vraag is Is het een vrouw?
[2021-03-25_19.57.50] User clicked to Start PvC button.
[2021-03-25_19.57.50] Game mode set to PvC, game is running.
[2021-03-25_19.57.52] Personage van Speler 1 is Kathleen;false;BRUIN;true;false;VROUW;false;false;BRUIN;true
[2021-03-25_19.57.52] Personage van Speler 2 is Roy;false;BRUIN;true;true;MAN;true;true;GEEN;true
[2021-03-25_19.57.53] De gekozen vraag is Is het een vrouw?
[2021-03-25_20.01.22] User clicked to Start PvC button.
[2021-03-25_20.01.22] Game mode set to PvC, game is running.
[2021-03-25_20.01.23] Personage van Speler 1 is Kathleen;false;BRUIN;true;false;VROUW;false;false;BRUIN;true
[2021-03-25_20.01.23] Personage van Speler 2 is Mathias;true;GRIJS;true;true;MAN;false;false;ZWART;true
[2021-03-25_20.01.24] De gekozen vraag is Is het een vrouw?
[2021-03-25_20.02.20] User clicked to Start PvC button.
[2021-03-25_20.02.20] Game mode set to PvC, game is running.
[2021-03-25_20.02.21] Personage van Speler 1 is Roy;false;BRUIN;true;true;MAN;true;true;GEEN;true
[2021-03-25_20.02.21] Personage van Speler 2 is Roy;false;BRUIN;true;true;MAN;true;true;GEEN;true
[2021-03-25_20.02.25] De gekozen vraag is Is het een vrouw?
[2021-03-25_20.02.48] De gekozen vraag is Draagt de persoon een bril?
[2021-03-25_20.06.22] De gekozen vraag is Heeft hij een snor?
[2021-03-25_20.06.37] De gekozen vraag is Heeft je persoon iets op zijn hoofd?
[2021-03-25_20.06.39] showing finished
[2021-03-25_20.06.39] Call to model.playerLost() true !foundIt: true
[2021-03-25_20.52.13] User clicked to Start PvC button.
[2021-03-25_20.52.13] Game mode set to PvC, game is running.
[2021-03-25_20.52.15] Personage van Speler 1 is Kathleen;false;BRUIN;true;false;VROUW;false;false;BRUIN;true
[2021-03-25_20.52.15] Personage van Speler 2 is Julie;false;BLAUW;true;false;VROUW;false;true;ZWART;true
[2021-03-25_20.52.44] De gekozen vraag is Is het een vrouw?
[2021-03-25_21.03.40] User clicked to Start PvC button.
[2021-03-25_21.03.40] Game mode set to PvC, game is running.
[2021-03-25_21.03.42] Personage van Speler 1 is Levent;true;GRIJS;true;true;MAN;false;true;ZWART;true
[2021-03-25_21.03.42] Personage van Speler 2 is Personage13;true;GRIJS;false;false;MAN;false;false;ZWART;true
[2021-03-25_21.03.45] De gekozen vraag is Is het een vrouw?
[2021-03-25_21.03.59] showing finished
[2021-03-25_21.04.12] showing finished
[2021-03-25_21.04.13] showing finished
[2021-03-25_21.04.14] showing finished
[2021-03-25_21.06.41] User clicked to Start PvC button.
[2021-03-25_21.06.41] Game mode set to PvC, game is running.
[2021-03-25_21.06.41] Personage van Speler 1 is Levent;true;GRIJS;true;true;MAN;false;true;ZWART;true
[2021-03-25_21.06.41] Personage van Speler 2 is Personage15;true;GRIJS;false;false;MAN;false;false;ZWART;true
[2021-03-25_21.06.44] De gekozen vraag is Is het een vrouw?
[2021-03-25_21.06.52] showing finished
[2021-03-25_21.07.59] User clicked to Start PvC button.
[2021-03-25_21.07.59] Game mode set to PvC, game is running.
[2021-03-25_21.08.01] Personage van Speler 1 is Kathleen;false;BRUIN;true;false;VROUW;false;false;BRUIN;true
[2021-03-25_21.08.01] Personage van Speler 2 is Jan;false;BLAUW;false;false;MAN;true;true;GEEN;true
[2021-03-25_21.08.02] De gekozen vraag is Is het een vrouw?
[2021-03-25_21.08.11] showing finished
[2021-03-25_21.10.07] User clicked to Start PvC button.
[2021-03-25_21.10.07] Game mode set to PvC, game is running.
[2021-03-25_21.10.08] Personage van Speler 1 is Levent;true;GRIJS;true;true;MAN;false;true;ZWART;true
[2021-03-25_21.10.08] Personage van Speler 2 is Michealle;false;BRUIN;false;false;VROUW;false;false;BLOND;true
[2021-03-25_21.10.11] De gekozen vraag is Is het een vrouw?
[2021-03-25_21.10.18] showing finished
[2021-03-25_21.10.54] User clicked to Start PvC button.
[2021-03-25_21.10.54] Game mode set to PvC, game is running.
[2021-03-25_21.10.55] Personage van Speler 1 is Sara;false;GRIJS;false;false;VROUW;false;false;BLOND;true
[2021-03-25_21.10.55] Personage van Speler 2 is Personage19;true;GRIJS;false;false;MAN;false;false;ZWART;true
[2021-03-25_21.10.58] De gekozen vraag is Is het een vrouw?
[2021-03-25_21.11.03] showing finished
[2021-03-25_21.11.03] Call to model.playerLost() false !foundIt: false
[2021-03-25_21.11.14] User clicked to Start PvC button.
[2021-03-25_21.11.14] Game mode set to PvC, game is running.
[2021-03-25_21.11.16] Personage van Speler 1 is Levent;true;GRIJS;true;true;MAN;false;true;ZWART;true
[2021-03-25_21.11.16] Personage van Speler 2 is Personage13;true;GRIJS;false;false;MAN;false;false;ZWART;true
[2021-03-25_21.11.18] De gekozen vraag is Is het een vrouw?
[2021-03-25_21.11.24] showing finished
[2021-03-25_21.11.24] Call to model.playerLost() false !foundIt: false
[2021-03-25_21.11.32] User clicked to Start PvC button.
[2021-03-25_21.11.32] Game mode set to PvC, game is running.
[2021-03-25_21.11.33] Personage van Speler 1 is Sara;false;GRIJS;false;false;VROUW;false;false;BLOND;true
[2021-03-25_21.11.33] Personage van Speler 2 is Kathleen;false;BRUIN;true;false;VROUW;false;false;BRUIN;true
[2021-03-25_21.11.36] De gekozen vraag is Is het een vrouw?
[2021-03-25_21.11.45] showing finished
[2021-03-25_21.11.48] showing finished
[2021-03-25_21.11.50] showing finished
[2021-03-25_21.11.52] showing finished
[2021-03-25_21.14.19] User clicked to Start PvC button.
[2021-03-25_21.14.19] Game mode set to PvC, game is running.
[2021-03-25_21.14.21] Personage van Speler 1 is Liam;true;BLAUW;true;false;MAN;true;false;GEEN;true
[2021-03-25_21.14.21] Personage van Speler 2 is Mathias;true;GRIJS;true;true;MAN;false;false;ZWART;true
[2021-03-25_21.14.23] De gekozen vraag is Is het een vrouw?
[2021-03-25_21.14.29] showing finished
[2021-03-25_21.14.29] Call to model.playerLost() false !foundIt: true
[2021-03-25_21.16.52] User clicked to Start PvC button.
[2021-03-25_21.16.52] Game mode set to PvC, game is running.
[2021-03-25_21.16.54] Personage van Speler 1 is Kathleen;false;BRUIN;true;false;VROUW;false;false;BRUIN;true
[2021-03-25_21.16.54] Personage van Speler 2 is Mathias;true;GRIJS;true;true;MAN;false;false;ZWART;true
[2021-03-25_21.16.56] De gekozen vraag is Is het een vrouw?
[2021-03-25_21.17.02] showing finished
[2021-03-25_21.19.10] User clicked to Start PvC button.
[2021-03-25_21.19.10] Game mode set to PvC, game is running.
[2021-03-25_21.19.12] Personage van Speler 1 is Kathleen;false;BRUIN;true;false;VROUW;false;false;BRUIN;true
[2021-03-25_21.19.12] Personage van Speler 2 is Peter;false;BRUIN;true;false;MAN;false;false;ZWART;true
[2021-03-25_21.19.22] De gekozen vraag is Is het een vrouw?
[2021-03-25_21.19.27] showing finished
[2021-03-25_21.19.45] User clicked to Start PvC button.
[2021-03-25_21.19.45] Game mode set to PvC, game is running.
[2021-03-25_21.19.47] Personage van Speler 1 is Roy;false;BRUIN;true;true;MAN;true;true;GEEN;true
[2021-03-25_21.19.47] Personage van Speler 2 is Lise;false;BLAUW;true;false;VROUW;false;false;ZWART;true
[2021-03-25_21.19.49] De gekozen vraag is Is het een vrouw?
[2021-03-25_21.19.56] showing finished
[2021-03-25_21.20.05] User clicked to Start PvC button.
[2021-03-25_21.20.05] Game mode set to PvC, game is running.
[2021-03-25_21.20.06] Personage van Speler 1 is Kathleen;false;BRUIN;true;false;VROUW;false;false;BRUIN;true
[2021-03-25_21.20.06] Personage van Speler 2 is Personage13;true;GRIJS;false;false;MAN;false;false;ZWART;true
[2021-03-25_21.20.07] De gekozen vraag is Is het een vrouw?
[2021-03-25_21.29.17] User clicked to Start PvC button.
[2021-03-25_21.29.17] Game mode set to PvC, game is running.
[2021-03-25_21.29.20] Personage van Speler 1 is Levent;true;GRIJS;true;true;MAN;false;true;ZWART;true
[2021-03-25_21.29.20] Personage van Speler 2 is Personage17;true;GRIJS;false;false;MAN;false;false;ZWART;true
[2021-03-25_21.29.24] De gekozen vraag is Is het een vrouw?
[2021-03-25_21.29.39] showing finished
[2021-03-25_21.29.44] User clicked to Start PvC button.
[2021-03-25_21.29.44] Game mode set to PvC, game is running.
[2021-03-25_21.29.48] Personage van Speler 1 is Levent;true;GRIJS;true;true;MAN;false;true;ZWART;true
[2021-03-25_21.29.48] Personage van Speler 2 is Lise;false;BLAUW;true;false;VROUW;false;false;ZWART;true
[2021-03-25_21.31.09] User clicked to Start PvC button.
[2021-03-25_21.31.10] Game mode set to PvC, game is running.
[2021-03-25_21.31.13] Personage van Speler 1 is Levent;true;GRIJS;true;true;MAN;false;true;ZWART;true
[2021-03-25_21.31.13] Personage van Speler 2 is Personage14;true;GRIJS;false;false;MAN;false;false;ZWART;true
[2021-03-25_21.31.34] User clicked to Start PvC button.
[2021-03-25_21.31.34] Game mode set to PvC, game is running.
[2021-03-25_21.31.36] Personage van Speler 1 is Levent;true;GRIJS;true;true;MAN;false;true;ZWART;true
[2021-03-25_21.31.36] Personage van Speler 2 is Roy;false;BRUIN;true;true;MAN;true;true;GEEN;true
[2021-03-25_21.31.51] De gekozen vraag is Is het een vrouw?
[2021-03-25_21.47.16] User clicked to Start PvC button.
[2021-03-25_21.47.16] Game mode set to PvC, game is running.
[2021-03-25_21.47.17] Personage van Speler 1 is Personage13;true;GRIJS;false;false;MAN;false;false;ZWART;true
[2021-03-25_21.47.17] Personage van Speler 2 is Personage20;true;GRIJS;false;false;MAN;false;false;ZWART;true
[2021-03-25_21.47.21] De gekozen vraag is Is het een vrouw?
[2021-03-25_21.47.28] De gekozen vraag is Draagt de persoon een bril?
[2021-03-25_21.47.35] showing finished
[2021-03-25_21.49.21] User clicked to Start PvC button.
[2021-03-25_21.49.22] Game mode set to PvC, game is running.
[2021-03-25_21.49.22] Personage van Speler 1 is Sara;false;GRIJS;false;false;VROUW;false;false;BLOND;true
[2021-03-25_21.49.22] Personage van Speler 2 is Personage14;true;GRIJS;false;false;MAN;false;false;ZWART;true
[2021-03-25_21.49.24] De gekozen vraag is Is het een vrouw?
[2021-03-25_21.59.44] User clicked to Start PvC button.
[2021-03-25_21.59.44] Game mode set to PvC, game is running.
[2021-03-25_21.59.45] Personage van Speler 1 is Mathias;true;GRIJS;true;true;MAN;false;false;ZWART;true
[2021-03-25_21.59.45] Personage van Speler 2 is Kathleen;false;BRUIN;true;false;VROUW;false;false;BRUIN;true
[2021-03-25_21.59.46] De gekozen vraag is Is het een vrouw?
[2021-03-25_22.00.14] User clicked to Start PvC button.
[2021-03-25_22.00.14] Game mode set to PvC, game is running.
[2021-03-25_22.00.16] Personage van Speler 1 is Kathleen;false;BRUIN;true;false;VROUW;false;false;BRUIN;true
[2021-03-25_22.00.16] Personage van Speler 2 is Kathleen;false;BRUIN;true;false;VROUW;false;false;BRUIN;true
[2021-03-25_22.00.18] De gekozen vraag is Is het een vrouw?
[2021-03-25_22.00.53] User clicked to Start PvC button.
[2021-03-25_22.00.53] Game mode set to PvC, game is running.
[2021-03-25_22.00.54] Personage van Speler 1 is Sara;false;GRIJS;false;false;VROUW;false;false;BLOND;true
[2021-03-25_22.00.54] Personage van Speler 2 is Michealle;false;BRUIN;false;false;VROUW;false;false;BLOND;true
[2021-03-25_22.00.55] De gekozen vraag is Is het een vrouw?
[2021-03-25_22.01.40] User clicked to Start PvC button.
[2021-03-25_22.01.41] Game mode set to PvC, game is running.
[2021-03-25_22.01.42] Personage van Speler 1 is Kathleen;false;BRUIN;true;false;VROUW;false;false;BRUIN;true
[2021-03-25_22.01.42] Personage van Speler 2 is Personage20;true;GRIJS;false;false;MAN;false;false;ZWART;true
[2021-03-25_22.01.44] De gekozen vraag is Is het een vrouw?
[2021-03-25_22.02.53] User clicked to Start PvC button.
[2021-03-25_22.02.53] Game mode set to PvC, game is running.
[2021-03-25_22.02.54] Personage van Speler 1 is Kathleen;false;BRUIN;true;false;VROUW;false;false;BRUIN;true
[2021-03-25_22.02.54] Personage van Speler 2 is Liam;true;BLAUW;true;false;MAN;true;false;GEEN;true
[2021-03-25_22.02.55] De gekozen vraag is Is het een vrouw?
[2021-03-25_22.03.17] User clicked to Start PvC button.
[2021-03-25_22.03.18] Game mode set to PvC, game is running.
[2021-03-25_22.03.18] Personage van Speler 1 is Roy;false;BRUIN;true;true;MAN;true;true;GEEN;true
[2021-03-25_22.03.18] Personage van Speler 2 is Joshua;true;GRIJS;false;true;MAN;false;true;ZWART;true
[2021-03-25_22.03.19] De gekozen vraag is Is het een vrouw?
[2021-03-25_22.03.35] User clicked to Start PvC button.
[2021-03-25_22.03.35] Game mode set to PvC, game is running.
[2021-03-25_22.03.36] Personage van Speler 1 is Personage16;true;GRIJS;false;false;MAN;false;false;ZWART;true
[2021-03-25_22.03.36] Personage van Speler 2 is Kathleen;false;BRUIN;true;false;VROUW;false;false;BRUIN;true
[2021-03-25_22.03.38] De gekozen vraag is Is het een vrouw?
[2021-03-25_22.04.21] User clicked to Start PvC button.
[2021-03-25_22.04.21] Game mode set to PvC, game is running.
[2021-03-25_22.04.22] Personage van Speler 1 is Sara;false;GRIJS;false;false;VROUW;false;false;BLOND;true
[2021-03-25_22.04.22] Personage van Speler 2 is Lise;false;BLAUW;true;false;VROUW;false;false;ZWART;true
[2021-03-25_22.04.23] De gekozen vraag is Is het een vrouw?
[2021-03-25_22.44.03] User clicked to Start PvC button.
[2021-03-25_22.44.03] Game mode set to PvC, game is running.
[2021-03-25_22.44.05] Personage van Speler 1 is Kathleen;false;BRUIN;true;false;VROUW;false;false;BRUIN;true
[2021-03-25_22.44.05] Personage van Speler 2 is Sara;false;GRIJS;false;false;VROUW;false;false;BLOND;true
[2021-03-25_22.44.08] De gekozen vraag is Is het een vrouw?
[2021-03-25_22.53.27] User clicked to Start PvC button.
[2021-03-25_22.53.27] Game mode set to PvC, game is running.
[2021-03-25_22.53.29] Personage van Speler 1 is Kathleen;false;BRUIN;true;false;VROUW;false;false;BRUIN;true
[2021-03-25_22.53.29] Personage van Speler 2 is Sara;false;GRIJS;false;false;VROUW;false;false;BLOND;true
[2021-03-25_22.53.32] De gekozen vraag is Is het een vrouw?
[2021-03-25_22.53.50] showing finished
[2021-03-25_22.55.54] User clicked to Start PvC button.
[2021-03-25_22.55.54] Game mode set to PvC, game is running.
[2021-03-25_22.55.56] Personage van Speler 1 is Roy;false;BRUIN;true;true;MAN;true;true;GEEN;true
[2021-03-25_22.55.56] Personage van Speler 2 is Liam;true;BLAUW;true;false;MAN;true;false;GEEN;true
[2021-03-25_22.55.57] De gekozen vraag is Is het een vrouw?
[2021-03-25_22.56.18] De gekozen vraag is Draagt de persoon een bril?
[2021-03-25_22.57.07] User clicked to Start PvC button.
[2021-03-25_22.57.08] Game mode set to PvC, game is running.
[2021-03-25_22.57.12] Personage van Speler 1 is Levent;true;GRIJS;true;true;MAN;false;true;ZWART;true
[2021-03-25_22.57.12] Personage van Speler 2 is Personage19;true;GRIJS;false;false;MAN;false;false;ZWART;true
[2021-03-25_22.57.17] De gekozen vraag is Is het een vrouw?
[2021-03-25_22.57.56] De gekozen vraag is Draagt de persoon een bril?
[2021-03-25_22.58.06] De gekozen vraag is Heeft hij een snor?
[2021-03-25_22.58.15] showing finished
[2021-03-25_22.59.44] User clicked to Start PvC button.
[2021-03-25_22.59.44] Game mode set to PvC, game is running.
[2021-03-25_23.00.02] Personage van Speler 1 is Mathias;true;GRIJS;true;true;MAN;false;false;ZWART;true
[2021-03-25_23.00.02] Personage van Speler 2 is Jan;false;BLAUW;false;false;MAN;true;true;GEEN;true
[2021-03-25_23.00.16] De gekozen vraag is Is het een vrouw?
[2021-03-25_23.00.59] showing finished
[2021-03-25_23.01.42] User clicked to Start PvC button.
[2021-03-25_23.01.42] Game mode set to PvC, game is running.
[2021-03-25_23.04.17] User clicked to Start PvC button.
[2021-03-25_23.04.17] Game mode set to PvC, game is running.
[2021-03-25_23.04.20] Personage van Speler 1 is Levent;true;GRIJS;true;true;MAN;false;true;ZWART;true
[2021-03-25_23.04.20] Personage van Speler 2 is Personage19;true;GRIJS;false;false;MAN;false;false;ZWART;true
[2021-03-25_23.04.26] De gekozen vraag is Is het een vrouw?
[2021-03-25_23.04.34] showing finished
[2021-03-25_23.05.56] User clicked to Start PvC button.
[2021-03-25_23.05.56] Game mode set to PvC, game is running.
[2021-03-25_23.05.58] Personage van Speler 1 is Roy;false;BRUIN;true;true;MAN;true;true;GEEN;true
[2021-03-25_23.05.58] Personage van Speler 2 is Sara;false;GRIJS;false;false;VROUW;false;false;BLOND;true
[2021-03-25_23.06.04] De gekozen vraag is Is het een vrouw?
[2021-03-25_23.06.12] De gekozen vraag is Draagt de persoon een bril?
[2021-03-25_23.16.56] User clicked to Start PvC button.
[2021-03-25_23.16.57] Game mode set to PvC, game is running.
[2021-03-25_23.16.58] Personage van Speler 1 is Kathleen;false;BRUIN;true;false;VROUW;false;false;BRUIN;true
[2021-03-25_23.16.58] Personage van Speler 2 is Michealle;false;BRUIN;false;false;VROUW;false;false;BLOND;true
[2021-03-25_23.17.01] De gekozen vraag is Is het een vrouw?
[2021-03-25_23.17.17] De gekozen vraag is Draagt de persoon een bril?
[2021-03-25_23.17.40] De gekozen vraag is Heeft hij een snor?
[2021-03-25_23.17.45] showing finished
[2021-03-25_23.20.58] User clicked to Start PvC button.
[2021-03-25_23.20.58] Game mode set to PvC, game is running.
[2021-03-25_23.21.00] Personage van Speler 1 is Kathleen;false;BRUIN;true;false;VROUW;false;false;BRUIN;true
[2021-03-25_23.21.00] Personage van Speler 2 is Personage14;true;GRIJS;false;false;MAN;false;false;ZWART;true
[2021-03-25_23.21.01] De gekozen vraag is Is het een vrouw?
[2021-03-25_23.21.07] De gekozen vraag is Draagt de persoon een bril?
[2021-03-25_23.21.13] De gekozen vraag is Heeft hij een snor?
[2021-03-25_23.21.16] showing finished
[2021-03-25_23.23.57] User clicked to Start PvC button.
[2021-03-25_23.23.57] Game mode set to PvC, game is running.
[2021-03-25_23.23.58] Personage van Speler 1 is Roy;false;BRUIN;true;true;MAN;true;true;GEEN;true
[2021-03-25_23.23.58] Personage van Speler 2 is Liam;true;BLAUW;true;false;MAN;true;false;GEEN;true
[2021-03-25_23.23.59] De gekozen vraag is Is het een vrouw?
[2021-03-25_23.24.22] De gekozen vraag is Draagt de persoon een bril?
[2021-03-25_23.26.30] User clicked to Start PvC button.
[2021-03-25_23.26.30] Game mode set to PvC, game is running.
[2021-03-25_23.26.31] Personage van Speler 1 is Kathleen;false;BRUIN;true;false;VROUW;false;false;BRUIN;true
[2021-03-25_23.26.31] Personage van Speler 2 is Kathleen;false;BRUIN;true;false;VROUW;false;false;BRUIN;true
[2021-03-25_23.26.32] De gekozen vraag is Is het een vrouw?
[2021-03-25_23.26.41] De gekozen vraag is Draagt de persoon een bril?
[2021-03-25_23.26.51] De gekozen vraag is Heeft hij een snor?
[2021-03-25_23.26.59] De gekozen vraag is Heeft je persoon iets op zijn hoofd?
[2021-03-25_23.27.04] showing finished
[2021-03-25_23.29.16] User clicked to Start PvC button.
[2021-03-25_23.29.16] Game mode set to PvC, game is running.
[2021-03-25_23.30.14] User clicked to Start PvC button.
[2021-03-25_23.30.14] Game mode set to PvC, game is running.
[2021-03-25_23.30.15] Personage van Speler 1 is Kathleen;false;BRUIN;true;false;VROUW;false;false;BRUIN;true
[2021-03-25_23.30.15] Personage van Speler 2 is Personage14;true;GRIJS;false;false;MAN;false;false;ZWART;true
[2021-03-25_23.30.17] De gekozen vraag is Is het een vrouw?
[2021-03-25_23.30.27] De gekozen vraag is Draagt de persoon een bril?
[2021-03-25_23.30.33] De gekozen vraag is Heeft hij een snor?
[2021-03-25_23.30.41] De gekozen vraag is Heeft je persoon iets op zijn hoofd?
[2021-03-25_23.30.44] showing finished
[2021-03-25_23.34.14] User clicked to Start PvC button.
[2021-03-25_23.34.14] Game mode set to PvC, game is running.
[2021-03-25_23.34.15] Personage van Speler 1 is Roy;false;BRUIN;true;true;MAN;true;true;GEEN;true
[2021-03-25_23.34.15] Personage van Speler 2 is Kathleen;false;BRUIN;true;false;VROUW;false;false;BRUIN;true
[2021-03-25_23.34.18] De gekozen vraag is Is het een vrouw?
[2021-03-25_23.34.24] De gekozen vraag is Draagt de persoon een bril?
[2021-03-25_23.34.33] De gekozen vraag is Heeft hij een snor?
[2021-03-25_23.35.10] User clicked to Start PvC button.
[2021-03-25_23.35.10] Game mode set to PvC, game is running.
[2021-03-25_23.35.12] Personage van Speler 1 is Personage16;true;GRIJS;false;false;MAN;false;false;ZWART;true
[2021-03-25_23.35.12] Personage van Speler 2 is Roy;false;BRUIN;true;true;MAN;true;true;GEEN;true
[2021-03-25_23.35.13] De gekozen vraag is Is het een vrouw?
[2021-03-25_23.35.20] De gekozen vraag is Draagt de persoon een bril?
[2021-03-25_23.35.31] User clicked to Start PvC button.
[2021-03-25_23.35.31] Game mode set to PvC, game is running.
[2021-03-25_23.35.32] Personage van Speler 1 is Levent;true;GRIJS;true;true;MAN;false;true;ZWART;true
[2021-03-25_23.35.32] Personage van Speler 2 is Personage17;true;GRIJS;false;false;MAN;false;false;ZWART;true
[2021-03-25_23.35.38] User clicked to Start PvC button.
[2021-03-25_23.35.38] Game mode set to PvC, game is running.
[2021-03-25_23.35.39] Personage van Speler 1 is Sara;false;GRIJS;false;false;VROUW;false;false;BLOND;true
[2021-03-25_23.35.39] Personage van Speler 2 is Personage15;true;GRIJS;false;false;MAN;false;false;ZWART;true
[2021-03-25_23.35.43] De gekozen vraag is Is het een vrouw?
[2021-03-25_23.35.51] De gekozen vraag is Draagt de persoon een bril?
[2021-03-25_23.35.56] De gekozen vraag is Heeft hij een snor?
[2021-03-25_23.36.02] De gekozen vraag is Heeft je persoon iets op zijn hoofd?
[2021-03-25_23.36.09] De gekozen vraag is Is je persoon kaal?
[2021-03-25_23.36.13] showing finished
[2021-03-25_23.46.40] User clicked to Start PvC button.
[2021-03-25_23.46.40] Game mode set to PvC, game is running.
[2021-03-25_23.46.42] Personage van Speler 1 is Roy;false;BRUIN;true;true;MAN;true;true;GEEN;true
[2021-03-25_23.46.42] Personage van Speler 2 is Lise;false;BLAUW;true;false;VROUW;false;false;ZWART;true
[2021-03-25_23.46.48] De gekozen vraag is Is het een vrouw?
[2021-03-25_23.46.54] De gekozen vraag is Draagt de persoon een bril?
[2021-03-25_23.47.39] User clicked to Start PvC button.
[2021-03-25_23.47.39] Game mode set to PvC, game is running.
[2021-03-25_23.47.42] Personage van Speler 1 is Levent;true;GRIJS;true;true;MAN;false;true;ZWART;true
[2021-03-25_23.47.42] Personage van Speler 2 is Michealle;false;BRUIN;false;false;VROUW;false;false;BLOND;true
[2021-03-25_23.47.43] De gekozen vraag is Is het een vrouw?
[2021-03-25_23.47.49] De gekozen vraag is Draagt de persoon een bril?
[2021-03-25_23.47.56] De gekozen vraag is Heeft hij een snor?
[2021-03-25_23.48.01] De gekozen vraag is Heeft je persoon iets op zijn hoofd?
[2021-03-25_23.48.06] De gekozen vraag is Is je persoon kaal?
[2021-03-25_23.51.14] User clicked to Start PvC button.
[2021-03-25_23.51.14] Game mode set to PvC, game is running.
[2021-03-25_23.54.20] User clicked to Start PvC button.
[2021-03-25_23.54.20] Game mode set to PvC, game is running.
[2021-03-25_23.59.43] User clicked to Start PvC button.
[2021-03-25_23.59.43] Game mode set to PvC, game is running.
